<?xml version="1.0" encoding="UTF-8"?>
<testng-results ignored="0" total="1" passed="1" failed="0" skipped="0">
  <reporter-output>
  </reporter-output>
  <suite started-at="2024-05-31T18:45:29 IST" name="Default suite" finished-at="2024-05-31T18:46:23 IST" duration-ms="53453">
    <groups>
    </groups>
    <test started-at="2024-05-31T18:45:29 IST" name="Default test" finished-at="2024-05-31T18:46:23 IST" duration-ms="53453">
      <class name="GuruProject.Test1AddTheReview">
        <test-method is-config="true" signature="Browser()[pri:0, instance:GuruProject.Test1AddTheReview@3590fc5b]" started-at="2024-05-31T18:45:29 IST" name="Browser" finished-at="2024-05-31T18:46:12 IST" duration-ms="42926" status="PASS">
          <reporter-output>
          </reporter-output>
        </test-method> <!-- Browser -->
        <test-method signature="AddReview()[pri:0, instance:GuruProject.Test1AddTheReview@3590fc5b]" started-at="2024-05-31T18:46:12 IST" name="AddReview" finished-at="2024-05-31T18:46:23 IST" duration-ms="10157" status="PASS">
          <reporter-output>
          </reporter-output>
        </test-method> <!-- AddReview -->
      </class> <!-- GuruProject.Test1AddTheReview -->
    </test> <!-- Default test -->
  </suite> <!-- Default suite -->
</testng-results>
